<?xml version="1.0" encoding="UTF-8"?>
<testng-results ignored="0" total="1" passed="1" failed="0" skipped="0">
  <reporter-output>
  </reporter-output>
  <suite started-at="2025-07-21T11:18:22 IST" name="Default suite" finished-at="2025-07-21T11:18:32 IST" duration-ms="10274">
    <groups>
    </groups>
    <test started-at="2025-07-21T11:18:22 IST" name="Default test" finished-at="2025-07-21T11:18:32 IST" duration-ms="10274">
      <class name="testscriptpackage.ManageNewsPageTest">
        <test-method is-config="true" signature="beforeMethod()[pri:0, instance:testscriptpackage.ManageNewsPageTest@34a3d150]" started-at="2025-07-21T11:18:22 IST" name="beforeMethod" finished-at="2025-07-21T11:18:30 IST" duration-ms="8089" status="PASS">
          <reporter-output>
          </reporter-output>
        </test-method> <!-- beforeMethod -->
        <test-method signature="verifyThatTheUserCanSaveNews()[pri:0, instance:testscriptpackage.ManageNewsPageTest@34a3d150]" started-at="2025-07-21T11:18:30 IST" name="verifyThatTheUserCanSaveNews" finished-at="2025-07-21T11:18:32 IST" duration-ms="1948" status="PASS">
          <reporter-output>
          </reporter-output>
        </test-method> <!-- verifyThatTheUserCanSaveNews -->
        <test-method is-config="true" signature="afterMethod()[pri:0, instance:testscriptpackage.ManageNewsPageTest@34a3d150]" started-at="2025-07-21T11:18:32 IST" name="afterMethod" finished-at="2025-07-21T11:18:32 IST" duration-ms="199" status="PASS">
          <reporter-output>
          </reporter-output>
        </test-method> <!-- afterMethod -->
      </class> <!-- testscriptpackage.ManageNewsPageTest -->
    </test> <!-- Default test -->
  </suite> <!-- Default suite -->
</testng-results>
