<?xml version="1.0" encoding="UTF-8"?>
<testng-results ignored="0" total="1" passed="1" failed="0" skipped="0">
  <reporter-output>
  </reporter-output>
  <suite started-at="2025-07-14T22:01:16 IST" name="Default suite" finished-at="2025-07-14T22:01:23 IST" duration-ms="6231">
    <groups>
    </groups>
    <test started-at="2025-07-14T22:01:16 IST" name="Default test" finished-at="2025-07-14T22:01:23 IST" duration-ms="6231">
      <class name="testscriptpackage.AdminUserPageTest">
        <test-method is-config="true" signature="beforeMethod()[pri:0, instance:testscriptpackage.AdminUserPageTest@4f83df68]" started-at="2025-07-14T22:01:16 IST" name="beforeMethod" finished-at="2025-07-14T22:01:20 IST" duration-ms="3687" status="PASS">
          <reporter-output>
          </reporter-output>
        </test-method> <!-- beforeMethod -->
        <test-method signature="createNewAdminUserInformation()[pri:0, instance:testscriptpackage.AdminUserPageTest@4f83df68]" started-at="2025-07-14T22:01:20 IST" name="createNewAdminUserInformation" finished-at="2025-07-14T22:01:23 IST" duration-ms="2502" status="PASS">
          <reporter-output>
          </reporter-output>
        </test-method> <!-- createNewAdminUserInformation -->
      </class> <!-- testscriptpackage.AdminUserPageTest -->
    </test> <!-- Default test -->
  </suite> <!-- Default suite -->
</testng-results>
