<?xml version="1.0" encoding="UTF-8"?>
<testng-results ignored="0" total="1" passed="1" failed="0" skipped="0">
  <reporter-output>
  </reporter-output>
  <suite started-at="2025-07-24T17:40:56 IST" name="Default suite" finished-at="2025-07-24T17:41:01 IST" duration-ms="5632">
    <groups>
    </groups>
    <test started-at="2025-07-24T17:40:56 IST" name="Default test" finished-at="2025-07-24T17:41:01 IST" duration-ms="5632">
      <class name="testscriptpackage.ManageNewsPageTest">
        <test-method is-config="true" signature="beforeMethod()[pri:0, instance:testscriptpackage.ManageNewsPageTest@5c6648b0]" started-at="2025-07-24T17:40:56 IST" name="beforeMethod" finished-at="2025-07-24T17:40:58 IST" duration-ms="2396" status="PASS">
          <reporter-output>
          </reporter-output>
        </test-method> <!-- beforeMethod -->
        <test-method signature="verifyThatTheUserCanSaveNews()[pri:0, instance:testscriptpackage.ManageNewsPageTest@5c6648b0]" started-at="2025-07-24T17:40:58 IST" name="verifyThatTheUserCanSaveNews" finished-at="2025-07-24T17:41:01 IST" duration-ms="3043" status="PASS">
          <reporter-output>
          </reporter-output>
        </test-method> <!-- verifyThatTheUserCanSaveNews -->
        <test-method is-config="true" signature="afterMethod()[pri:0, instance:testscriptpackage.ManageNewsPageTest@5c6648b0]" started-at="2025-07-24T17:41:01 IST" name="afterMethod" finished-at="2025-07-24T17:41:01 IST" duration-ms="161" status="PASS">
          <reporter-output>
          </reporter-output>
        </test-method> <!-- afterMethod -->
      </class> <!-- testscriptpackage.ManageNewsPageTest -->
    </test> <!-- Default test -->
  </suite> <!-- Default suite -->
</testng-results>
