<?xml version="1.0" encoding="UTF-8"?>
<testng-results ignored="0" total="1" passed="1" failed="0" skipped="0">
  <reporter-output>
  </reporter-output>
  <suite started-at="2025-07-28T21:25:02 IST" name="Suite" finished-at="2025-07-28T21:25:11 IST" duration-ms="9745">
    <groups>
    </groups>
    <test started-at="2025-07-28T21:25:02 IST" name="ExtendReport" finished-at="2025-07-28T21:25:11 IST" duration-ms="9745">
      <class name="testscriptpackage.ManageCategoryTest">
        <test-method is-config="true" signature="beforeMethod()[pri:0, instance:testscriptpackage.ManageCategoryTest@475c9c31]" started-at="2025-07-28T21:25:02 IST" name="beforeMethod" finished-at="2025-07-28T21:25:06 IST" duration-ms="4618" status="PASS">
          <reporter-output>
          </reporter-output>
        </test-method> <!-- beforeMethod -->
        <test-method signature="verifyThatTheUserIsAbleToAddNewCategory()[pri:0, instance:testscriptpackage.ManageCategoryTest@475c9c31]" started-at="2025-07-28T21:25:06 IST" name="verifyThatTheUserIsAbleToAddNewCategory" finished-at="2025-07-28T21:25:11 IST" duration-ms="4861" status="PASS">
          <reporter-output>
          </reporter-output>
        </test-method> <!-- verifyThatTheUserIsAbleToAddNewCategory -->
        <test-method is-config="true" signature="afterMethod()[pri:0, instance:testscriptpackage.ManageCategoryTest@475c9c31]" started-at="2025-07-28T21:25:11 IST" name="afterMethod" finished-at="2025-07-28T21:25:11 IST" duration-ms="214" status="PASS">
          <reporter-output>
          </reporter-output>
        </test-method> <!-- afterMethod -->
      </class> <!-- testscriptpackage.ManageCategoryTest -->
    </test> <!-- ExtendReport -->
  </suite> <!-- Suite -->
</testng-results>
