<?xml version="1.0" encoding="UTF-8"?>
<testng-results ignored="0" total="1" passed="1" failed="0" skipped="0">
  <reporter-output>
  </reporter-output>
  <suite started-at="2025-07-22T21:07:20 IST" name="Default suite" finished-at="2025-07-22T21:07:23 IST" duration-ms="3532">
    <groups>
    </groups>
    <test started-at="2025-07-22T21:07:20 IST" name="Default test" finished-at="2025-07-22T21:07:23 IST" duration-ms="3532">
      <class name="testscriptpackage.LoginPageTest">
        <test-method is-config="true" signature="beforeMethod()[pri:0, instance:testscriptpackage.LoginPageTest@41d477ed]" started-at="2025-07-22T21:07:20 IST" name="beforeMethod" finished-at="2025-07-22T21:07:22 IST" duration-ms="2023" status="PASS">
          <reporter-output>
          </reporter-output>
        </test-method> <!-- beforeMethod -->
        <test-method signature="VerifyUserCanLoginWithValidCredentials()[pri:0, instance:testscriptpackage.LoginPageTest@41d477ed]" started-at="2025-07-22T21:07:22 IST" name="VerifyUserCanLoginWithValidCredentials" finished-at="2025-07-22T21:07:23 IST" duration-ms="1287" status="PASS">
          <reporter-output>
          </reporter-output>
        </test-method> <!-- VerifyUserCanLoginWithValidCredentials -->
        <test-method is-config="true" signature="afterMethod()[pri:0, instance:testscriptpackage.LoginPageTest@41d477ed]" started-at="2025-07-22T21:07:23 IST" name="afterMethod" finished-at="2025-07-22T21:07:23 IST" duration-ms="186" status="PASS">
          <reporter-output>
          </reporter-output>
        </test-method> <!-- afterMethod -->
      </class> <!-- testscriptpackage.LoginPageTest -->
    </test> <!-- Default test -->
  </suite> <!-- Default suite -->
</testng-results>
