<?xml version="1.0" encoding="UTF-8"?>
<!-- Generated by org.testng.reporters.JUnitXMLReporter -->
<testsuite ignored="2" hostname="LAPTOP-VO7SSANT" failures="0" tests="1" name="Default test" time="3.532" errors="0" timestamp="2025-07-22T21:07:23 IST">
  <testcase classname="testscriptpackage.LoginPageTest" name="VerifyUserCanLoginWithValidCredentials" time="1.287"/>
  <testcase classname="testscriptpackage.LoginPageTest" name="loginwithInvalidCredentials" time="0.0">
    <ignored/>
  </testcase> <!-- loginwithInvalidCredentials -->
  <testcase classname="testscriptpackage.LoginPageTest" name="verifyUserCanLoginWithValidUsernameAndInvalidPassword" time="0.0">
    <ignored/>
  </testcase> <!-- verifyUserCanLoginWithValidUsernameAndInvalidPassword -->
</testsuite> <!-- Default test -->
