<?xml version="1.0" encoding="UTF-8"?>
<!-- Generated by org.testng.reporters.JUnitXMLReporter -->
<testsuite ignored="3" hostname="LAPTOP-VO7SSANT" failures="0" tests="1" name="Test" time="4.932" errors="0" timestamp="2025-07-10T21:37:35 IST">
  <testcase classname="testscript.LoginPageTest" name="verifyUserCanLoginWithInvalidUsenameAndValidPassword" time="0.33"/>
  <testcase classname="testscript.LoginPageTest" name="verifyUserCanLoginWithValidUsernameAndInvalidPassword" time="0.0">
    <ignored/>
  </testcase> <!-- verifyUserCanLoginWithValidUsernameAndInvalidPassword -->
  <testcase classname="testscript.LoginPageTest" name="verifyUserCanLoginWithValidCredentials" time="0.0">
    <ignored/>
  </testcase> <!-- verifyUserCanLoginWithValidCredentials -->
  <testcase classname="testscript.LoginPageTest" name="verifyUserCanLoginWithInvalidCredentials" time="0.0">
    <ignored/>
  </testcase> <!-- verifyUserCanLoginWithInvalidCredentials -->
</testsuite> <!-- Test -->
