<?xml version="1.0" encoding="UTF-8"?>
<testng-results ignored="0" total="1" passed="1" failed="0" skipped="0">
  <reporter-output>
  </reporter-output>
  <suite started-at="2025-07-08T21:30:11 IST" name="Default suite" finished-at="2025-07-08T21:30:20 IST" duration-ms="9317">
    <groups>
    </groups>
    <test started-at="2025-07-08T21:30:11 IST" name="Default test" finished-at="2025-07-08T21:30:20 IST" duration-ms="9317">
      <class name="demoproject.LoginPageTest">
        <test-method is-config="true" signature="beforeMethod()[pri:0, instance:demoproject.LoginPageTest@34123d65]" started-at="2025-07-08T21:30:11 IST" name="beforeMethod" finished-at="2025-07-08T21:30:20 IST" duration-ms="8865" status="PASS">
          <reporter-output>
          </reporter-output>
        </test-method> <!-- beforeMethod -->
        <test-method signature="verifyUserCanLogin()[pri:0, instance:demoproject.LoginPageTest@34123d65]" started-at="2025-07-08T21:30:20 IST" name="verifyUserCanLogin" finished-at="2025-07-08T21:30:20 IST" duration-ms="219" status="PASS">
          <reporter-output>
          </reporter-output>
        </test-method> <!-- verifyUserCanLogin -->
        <test-method is-config="true" signature="afterMethod()[pri:0, instance:demoproject.LoginPageTest@34123d65]" started-at="2025-07-08T21:30:20 IST" name="afterMethod" finished-at="2025-07-08T21:30:20 IST" duration-ms="196" status="PASS">
          <reporter-output>
          </reporter-output>
        </test-method> <!-- afterMethod -->
      </class> <!-- demoproject.LoginPageTest -->
    </test> <!-- Default test -->
  </suite> <!-- Default suite -->
</testng-results>
