<?xml version="1.0" encoding="UTF-8"?>
<testng-results ignored="3" total="4" passed="1" failed="0" skipped="0">
  <reporter-output>
  </reporter-output>
  <suite started-at="2025-07-10T21:37:30 IST" name="Suite" finished-at="2025-07-10T21:37:35 IST" duration-ms="4932">
    <groups>
    </groups>
    <test started-at="2025-07-10T21:37:30 IST" name="Test" finished-at="2025-07-10T21:37:35 IST" duration-ms="4932">
      <class name="testscript.LoginPageTest">
        <test-method is-config="true" signature="beforeMethod()[pri:0, instance:testscript.LoginPageTest@206a70ef]" started-at="2025-07-10T21:37:30 IST" name="beforeMethod" finished-at="2025-07-10T21:37:34 IST" duration-ms="4379" status="PASS">
          <reporter-output>
          </reporter-output>
        </test-method> <!-- beforeMethod -->
        <test-method signature="verifyUserCanLoginWithInvalidUsenameAndValidPassword(java.lang.String,java.lang.String)[pri:0, instance:testscript.LoginPageTest@206a70ef]" started-at="2025-07-10T21:37:34 IST" name="verifyUserCanLoginWithInvalidUsenameAndValidPassword" finished-at="2025-07-10T21:37:34 IST" duration-ms="330" status="PASS">
          <params>
            <param index="0">
              <value>
                <![CDATA[carlo]]>
              </value>
            </param>
            <param index="1">
              <value>
                <![CDATA[1q2w3e4r]]>
              </value>
            </param>
          </params>
          <reporter-output>
          </reporter-output>
        </test-method> <!-- verifyUserCanLoginWithInvalidUsenameAndValidPassword -->
        <test-method is-config="true" signature="afterMethod()[pri:0, instance:testscript.LoginPageTest@206a70ef]" started-at="2025-07-10T21:37:34 IST" name="afterMethod" finished-at="2025-07-10T21:37:35 IST" duration-ms="182" status="PASS">
          <reporter-output>
          </reporter-output>
        </test-method> <!-- afterMethod -->
      </class> <!-- testscript.LoginPageTest -->
    </test> <!-- Test -->
  </suite> <!-- Suite -->
</testng-results>
