<?xml version="1.0" encoding="UTF-8"?>
<!-- Generated by org.testng.reporters.JUnitXMLReporter -->
<testsuite ignored="2" hostname="LAPTOP-VO7SSANT" failures="0" tests="1" name="edgetest" time="4.356" errors="0" timestamp="2025-08-01T21:05:33 IST">
  <testcase classname="testscriptpackage.LoginPageTest" name="VerifyUserCanLoginWithValidCredentials" time="0.893"/>
  <testcase classname="testscriptpackage.LoginPageTest" name="loginwithInvalidCredentials" time="0.0">
    <ignored/>
  </testcase> <!-- loginwithInvalidCredentials -->
  <testcase classname="testscriptpackage.LoginPageTest" name="verifyUserCanLoginWithValidUsernameAndInvalidPassword" time="0.0">
    <ignored/>
  </testcase> <!-- verifyUserCanLoginWithValidUsernameAndInvalidPassword -->
</testsuite> <!-- edgetest -->
